<?xml version="1.0" encoding="UTF-8"?>
<!-- Generated by org.testng.reporters.JUnitReportReporter -->
<testsuite hostname="LAPTOP-9AMLQAV6" failures="0" tests="3" name="Test.Gtpltest" time="4.217" errors="0" timestamp="2022-02-17T18:05:23 IST" skipped="0">
  <testcase classname="Test.Gtpltest" name="emailtest" time="2.125"/>
  <system-out/>
  <testcase classname="Test.Gtpltest" name="searchtest" time="1.321"/>
  <system-out/>
  <testcase classname="Test.Gtpltest" name="Newaccounttest" time="0.771"/>
  <system-out/>
</testsuite> <!-- Test.Gtpltest -->
