<?xml version="1.0" encoding="UTF-8"?>
<!-- Generated by org.testng.reporters.JUnitReportReporter -->
<testsuite hostname="DESKTOP-FSSL81L" failures="0" tests="3" name="customstatmnt.Testcustomised" time="32.432" errors="0" timestamp="2022-02-18T17:12:17 IST" skipped="0">
  <testcase classname="customstatmnt.Testcustomised" name="login" time="2.082"/>
  <system-out/>
  <testcase classname="customstatmnt.Testcustomised" name="mngr" time="1.130"/>
  <system-out/>
  <testcase classname="customstatmnt.Testcustomised" name="statmnt" time="29.220"/>
  <system-out/>
</testsuite> <!-- customstatmnt.Testcustomised -->
