<?xml version="1.0" encoding="UTF-8"?>
<!-- Generated by org.testng.reporters.JUnitReportReporter -->
<testsuite hostname="DESKTOP-FSSL81L" failures="0" tests="3" name="customstatmnt.Testcustomised" time="4.384" errors="0" timestamp="2022-02-16T18:06:43 IST" skipped="0">
  <testcase classname="customstatmnt.Testcustomised" name="login" time="2.907"/>
  <system-out/>
  <testcase classname="customstatmnt.Testcustomised" name="mngr" time="1.085"/>
  <system-out/>
  <testcase classname="customstatmnt.Testcustomised" name="statmnt" time="0.392"/>
  <system-out/>
</testsuite> <!-- customstatmnt.Testcustomised -->
