<?xml version="1.0" encoding="UTF-8"?>
<!-- Generated by org.testng.reporters.JUnitReportReporter -->
<testsuite hostname="DESKTOP-FSSL81L" failures="0" tests="3" name="customstatmnt.Testcustomised" time="13.830" errors="0" timestamp="2022-02-17T17:45:19 IST" skipped="0">
  <testcase classname="customstatmnt.Testcustomised" name="login" time="3.096"/>
  <system-out/>
  <testcase classname="customstatmnt.Testcustomised" name="mngr" time="1.258"/>
  <system-out/>
  <testcase classname="customstatmnt.Testcustomised" name="statmnt" time="9.476"/>
  <system-out/>
</testsuite> <!-- customstatmnt.Testcustomised -->
