<?xml version="1.0" encoding="UTF-8"?>
<!-- Generated by org.testng.reporters.JUnitReportReporter -->
<testsuite hostname="LAPTOP-9AMLQAV6" failures="0" tests="3" name="Test.Gtpltest" time="10.180" errors="0" timestamp="2022-02-21T18:04:21 IST" skipped="0">
  <testcase classname="Test.Gtpltest" name="emailtest" time="3.379"/>
  <system-out/>
  <testcase classname="Test.Gtpltest" name="searchtest" time="5.523"/>
  <system-out/>
  <testcase classname="Test.Gtpltest" name="Newaccounttest" time="1.278"/>
  <system-out/>
</testsuite> <!-- Test.Gtpltest -->
