<?xml version="1.0" encoding="UTF-8"?>
<!-- Generated by org.testng.reporters.JUnitReportReporter -->
<testsuite hostname="DESKTOP-B1SBRCM" failures="0" tests="4" name="login.Gtpltest" time="2.250" errors="0" timestamp="2022-02-16T17:17:47 IST" skipped="0">
  <testcase classname="login.Gtpltest" name="user" time="0.283"/>
  <system-out/>
  <testcase classname="login.Gtpltest" name="passWord" time="1.844"/>
  <system-out/>
  <testcase classname="login.Gtpltest" name="checkTheUrl" time="0.092"/>
  <system-out/>
  <testcase classname="login.Gtpltest" name="TitlePage" time="0.031"/>
  <system-out/>
</testsuite> <!-- login.Gtpltest -->
