<?xml version="1.0" encoding="UTF-8"?>
<!-- Generated by org.testng.reporters.JUnitReportReporter -->
<testsuite hostname="DESKTOP-L5GVAI8" failures="0" tests="6" name="EditAccountTest_Scenario.GTPL_Test" time="16.764" errors="0" timestamp="2022-02-21T02:52:24 GMT" skipped="0">
  <testcase classname="EditAccountTest_Scenario.GTPL_Test" name="user" time="0.169"/>
  <system-out/>
  <testcase classname="EditAccountTest_Scenario.GTPL_Test" name="passWord" time="1.688"/>
  <system-out/>
  <testcase classname="EditAccountTest_Scenario.GTPL_Test" name="checkTheUrl" time="0.107"/>
  <system-out/>
  <testcase classname="EditAccountTest_Scenario.GTPL_Test" name="clickEditAccount" time="2.202"/>
  <system-out/>
  <testcase classname="EditAccountTest_Scenario.GTPL_Test" name="editPageDetails" time="0.478"/>
  <system-out/>
  <testcase classname="EditAccountTest_Scenario.GTPL_Test" name="editAccountPage" time="12.120"/>
  <system-out/>
</testsuite> <!-- EditAccountTest_Scenario.GTPL_Test -->
