<?xml version="1.0" encoding="UTF-8"?>
<!-- Generated by org.testng.reporters.JUnitReportReporter -->
<testsuite hostname="DESKTOP-KPVRKRG" failures="0" tests="15" name="test.GTPLTest" time="76.816" errors="0" timestamp="2022-02-18T16:02:43 IST" skipped="0">
  <testcase classname="test.GTPLTest" name="user" time="0.164"/>
  <system-out/>
  <testcase classname="test.GTPLTest" name="passWord" time="1.218"/>
  <system-out/>
  <testcase classname="test.GTPLTest" name="functionalityNewCustomer" time="0.803"/>
  <system-out/>
  <testcase classname="test.GTPLTest" name="titleNewCustomerEntryPage" time="0.009"/>
  <system-out/>
  <testcase classname="test.GTPLTest" name="displayNewCustomerEntryPage" time="0.836"/>
  <system-out/>
  <testcase classname="test.GTPLTest" name="CustomerNameFormat" time="35.482"/>
  <system-out/>
  <testcase classname="test.GTPLTest" name="DateOfFormat" time="13.686"/>
  <system-out/>
  <testcase classname="test.GTPLTest" name="AddressFormat" time="2.801"/>
  <system-out/>
  <testcase classname="test.GTPLTest" name="CityFormat" time="2.148"/>
  <system-out/>
  <testcase classname="test.GTPLTest" name="StateFormat" time="2.537"/>
  <system-out/>
  <testcase classname="test.GTPLTest" name="PINFormat" time="4.178"/>
  <system-out/>
  <testcase classname="test.GTPLTest" name="TelephoneNumberFormat" time="3.242"/>
  <system-out/>
  <testcase classname="test.GTPLTest" name="EmailIdFormat" time="7.572"/>
  <system-out/>
  <testcase classname="test.GTPLTest" name="SubmitButtonFunctionality" time="1.794"/>
  <system-out/>
  <testcase classname="test.GTPLTest" name="ResetButtonFunctionality" time="0.346"/>
  <system-out/>
</testsuite> <!-- test.GTPLTest -->
