<?xml version="1.0" encoding="UTF-8"?>
<!-- Generated by org.testng.reporters.JUnitReportReporter -->
<testsuite hostname="LAPTOP-9AMLQAV6" failures="0" tests="2" name="Test.Gtpltest" time="2.193" errors="0" timestamp="2022-02-16T17:47:52 IST" skipped="0">
  <testcase classname="Test.Gtpltest" name="emailtest" time="2.063"/>
  <system-out/>
  <testcase classname="Test.Gtpltest" name="searchest" time="0.130"/>
  <system-out/>
</testsuite> <!-- Test.Gtpltest -->
