<?xml version="1.0" encoding="UTF-8"?>
<!-- Generated by org.testng.reporters.JUnitReportReporter -->
<testsuite hostname="Tester_poeko" failures="0" tests="6" name="Test_Scenario.GTPL_Test" time="44.896" errors="0" timestamp="2022-02-18T10:11:54 IST" skipped="0">
  <testcase classname="Test_Scenario.GTPL_Test" name="user" time="1.061"/>
  <system-out/>
  <testcase classname="Test_Scenario.GTPL_Test" name="passWord" time="4.367"/>
  <system-out/>
  <testcase classname="Test_Scenario.GTPL_Test" name="checkTheUrl" time="0.076"/>
  <system-out/>
  <testcase classname="Test_Scenario.GTPL_Test" name="clickEditAccount" time="19.446"/>
  <system-out/>
  <testcase classname="Test_Scenario.GTPL_Test" name="editPageDetails" time="6.940"/>
  <system-out/>
  <testcase classname="Test_Scenario.GTPL_Test" name="editAccountPage" time="13.006"/>
  <system-out/>
</testsuite> <!-- Test_Scenario.GTPL_Test -->
