<?xml version="1.0" encoding="UTF-8"?>
<!-- Generated by org.testng.reporters.JUnitReportReporter -->
<testsuite hostname="Tester_poeko" failures="0" tests="6" name="EditAccountTest_Scenario.GTPL_Test" time="32.128" errors="0" timestamp="2022-02-18T11:33:38 IST" skipped="0">
  <testcase classname="EditAccountTest_Scenario.GTPL_Test" name="user" time="0.313"/>
  <system-out/>
  <testcase classname="EditAccountTest_Scenario.GTPL_Test" name="passWord" time="2.406"/>
  <system-out/>
  <testcase classname="EditAccountTest_Scenario.GTPL_Test" name="checkTheUrl" time="0.040"/>
  <system-out/>
  <testcase classname="EditAccountTest_Scenario.GTPL_Test" name="clickEditAccount" time="17.572"/>
  <system-out/>
  <testcase classname="EditAccountTest_Scenario.GTPL_Test" name="editPageDetails" time="1.763"/>
  <system-out/>
  <testcase classname="EditAccountTest_Scenario.GTPL_Test" name="editAccountPage" time="10.034"/>
  <system-out/>
</testsuite> <!-- EditAccountTest_Scenario.GTPL_Test -->
