<?xml version="1.0" encoding="UTF-8"?>
<!-- Generated by org.testng.reporters.JUnitReportReporter -->
<testsuite hostname="LAPTOP-9AMLQAV6" failures="0" tests="3" name="Test.Gtpltest" time="4.076" errors="0" timestamp="2022-02-18T18:22:00 IST" skipped="0">
  <testcase classname="Test.Gtpltest" name="emailtest" time="1.977"/>
  <system-out/>
  <testcase classname="Test.Gtpltest" name="searchtest" time="0.935"/>
  <system-out/>
  <testcase classname="Test.Gtpltest" name="Newaccounttest" time="1.164"/>
  <system-out/>
</testsuite> <!-- Test.Gtpltest -->
