<?xml version="1.0" encoding="UTF-8"?>
<!-- Generated by org.testng.reporters.JUnitReportReporter -->
<testsuite hostname="DESKTOP-GAHM23E" failures="0" tests="12" name="test.TestGTPL" time="9.028" errors="0" timestamp="2022-02-18T15:47:16 IST" skipped="0">
  <testcase classname="test.TestGTPL" name="loginPageTitleTest" time="0.029"/>
  <system-out/>
  <testcase classname="test.TestGTPL" name="EnterCredentialsTest" time="0.495"/>
  <system-out/>
  <testcase classname="test.TestGTPL" name="submitCredentialsTest" time="1.476"/>
  <system-out/>
  <testcase classname="test.TestGTPL" name="homePageTitleTest" time="0.021"/>
  <system-out/>
  <testcase classname="test.TestGTPL" name="editCustomerMenuTest" time="1.020"/>
  <system-out/>
  <testcase classname="test.TestGTPL" name="editCustomerPageTitleTest" time="0.015"/>
  <system-out/>
  <testcase classname="test.TestGTPL" name="editCustomerFormTitleTest" time="0.115"/>
  <system-out/>
  <testcase classname="test.TestGTPL" name="customerIDTitleAndInputTest" time="0.342"/>
  <system-out/>
  <testcase classname="test.TestGTPL" name="SubmitButtonTest" time="0.812"/>
  <system-out/>
  <testcase classname="test.TestGTPL" name="ResetButtonTest" time="0.124"/>
  <system-out/>
  <testcase classname="test.TestGTPL" name="inputFormatTest" time="3.924"/>
  <system-out/>
  <testcase classname="test.TestGTPL" name="HomeLinkTest" time="0.655"/>
  <system-out/>
</testsuite> <!-- test.TestGTPL -->
